<?xml version="1.0" encoding="UTF-8"?>
<testng-results ignored="0" total="1" passed="0" failed="1" skipped="0">
  <reporter-output>
  </reporter-output>
  <suite started-at="2022-11-14T22:29:02 IST" name="Default suite" finished-at="2022-11-14T22:29:16 IST" duration-ms="13900">
    <groups>
    </groups>
    <test started-at="2022-11-14T22:29:02 IST" name="Default test" finished-at="2022-11-14T22:29:16 IST" duration-ms="13900">
      <class name="com.test.org.HardToFindTest1">
        <test-method is-config="true" signature="setUp()[pri:0, instance:com.test.org.HardToFindTest1@2a4fb17b]" started-at="2022-11-14T22:28:57 IST" name="setUp" finished-at="2022-11-14T22:29:02 IST" duration-ms="4439" status="PASS">
          <reporter-output>
          </reporter-output>
        </test-method> <!-- setUp -->
        <test-method is-config="true" signature="urlLaunch()[pri:0, instance:com.test.org.HardToFindTest1@2a4fb17b]" started-at="2022-11-14T22:29:02 IST" name="urlLaunch" finished-at="2022-11-14T22:29:05 IST" duration-ms="3276" status="PASS">
          <reporter-output>
          </reporter-output>
        </test-method> <!-- urlLaunch -->
        <test-method is-config="true" signature="beforeEveryTest()[pri:0, instance:com.test.org.HardToFindTest1@2a4fb17b]" started-at="2022-11-14T22:29:05 IST" name="beforeEveryTest" finished-at="2022-11-14T22:29:06 IST" duration-ms="613" status="PASS">
          <reporter-output>
          </reporter-output>
        </test-method> <!-- beforeEveryTest -->
        <test-method signature="orderProduct()[pri:0, instance:com.test.org.HardToFindTest1@2a4fb17b]" started-at="2022-11-14T22:29:06 IST" name="orderProduct" finished-at="2022-11-14T22:29:16 IST" duration-ms="9969" status="FAIL">
          <exception class="java.lang.IllegalArgumentException">
            <message>
              <![CDATA[bound must be positive]]>
            </message>
            <full-stacktrace>
              <![CDATA[java.lang.IllegalArgumentException: bound must be positive
at java.base/java.util.Random.nextInt(Random.java:321)
at com.test.org.HardToFindTest1.orderProduct(HardToFindTest1.java:135)
at java.base/jdk.internal.reflect.DirectMethodHandleAccessor.invoke(DirectMethodHandleAccessor.java:104)
at java.base/java.lang.reflect.Method.invoke(Method.java:577)
at org.testng.internal.invokers.MethodInvocationHelper.invokeMethod(MethodInvocationHelper.java:139)
at org.testng.internal.invokers.TestInvoker.invokeMethod(TestInvoker.java:677)
at org.testng.internal.invokers.TestInvoker.invokeTestMethod(TestInvoker.java:221)
at org.testng.internal.invokers.MethodRunner.runInSequence(MethodRunner.java:50)
at org.testng.internal.invokers.TestInvoker$MethodInvocationAgent.invoke(TestInvoker.java:962)
at org.testng.internal.invokers.TestInvoker.invokeTestMethods(TestInvoker.java:194)
at org.testng.internal.invokers.TestMethodWorker.invokeTestMethods(TestMethodWorker.java:148)
at org.testng.internal.invokers.TestMethodWorker.run(TestMethodWorker.java:128)
at java.base/java.util.ArrayList.forEach(ArrayList.java:1511)
at org.testng.TestRunner.privateRun(TestRunner.java:806)
at org.testng.TestRunner.run(TestRunner.java:601)
at org.testng.SuiteRunner.runTest(SuiteRunner.java:433)
at org.testng.SuiteRunner.runSequentially(SuiteRunner.java:427)
at org.testng.SuiteRunner.privateRun(SuiteRunner.java:387)
at org.testng.SuiteRunner.run(SuiteRunner.java:330)
at org.testng.SuiteRunnerWorker.runSuite(SuiteRunnerWorker.java:52)
at org.testng.SuiteRunnerWorker.run(SuiteRunnerWorker.java:95)
at org.testng.TestNG.runSuitesSequentially(TestNG.java:1256)
at org.testng.TestNG.runSuitesLocally(TestNG.java:1176)
at org.testng.TestNG.runSuites(TestNG.java:1099)
at org.testng.TestNG.run(TestNG.java:1067)
at org.testng.remote.AbstractRemoteTestNG.run(AbstractRemoteTestNG.java:115)
at org.testng.remote.RemoteTestNG.initAndRun(RemoteTestNG.java:251)
at org.testng.remote.RemoteTestNG.main(RemoteTestNG.java:77)
]]>
            </full-stacktrace>
          </exception> <!-- java.lang.IllegalArgumentException -->
          <reporter-output>
          </reporter-output>
        </test-method> <!-- orderProduct -->
      </class> <!-- com.test.org.HardToFindTest1 -->
    </test> <!-- Default test -->
  </suite> <!-- Default suite -->
</testng-results>
